[2025-05-25T08:07:51.691Z] LOG: Server running on port 5000
[2025-05-25T08:07:51.720Z] LOG: MongoDB connected successfully
[2025-05-25T08:08:15.490Z] LOG: GET /api/auth/register
[2025-05-25T08:08:35.008Z] LOG: GET /
[2025-05-25T08:13:30.458Z] LOG: Server running on port 5000
[2025-05-25T08:13:38.290Z] LOG: GET /
[2025-05-25T08:13:39.847Z] LOG: GET /
[2025-05-25T08:13:41.540Z] LOG: GET /
[2025-05-25T08:14:03.759Z] LOG: GET /
[2025-05-25T08:14:29.005Z] LOG: Server running on port 5000
[2025-05-25T08:15:27.764Z] LOG: GET /register
[2025-05-25T08:18:03.685Z] LOG: GET /register
[2025-05-25T08:18:14.028Z] LOG: GET /
[2025-05-25T08:31:06.765Z] LOG: MongoDB disconnected
[2025-05-25T08:31:06.769Z] LOG: MongoDB connection closed due to app termination
[2025-05-25T08:31:14.851Z] LOG: Server running on port 5000
[2025-05-25T08:31:14.880Z] LOG: MongoDB connected successfully
[2025-05-25T08:31:23.784Z] LOG: GET /
[2025-05-25T08:31:43.816Z] LOG: GET /
[2025-05-25T09:50:47.249Z] LOG: MongoDB disconnected
[2025-05-25T09:50:47.252Z] LOG: MongoDB connection closed due to app termination
[2025-05-25T09:50:52.091Z] LOG: Server running on port 5000
[2025-05-25T09:50:52.110Z] LOG: MongoDB connected successfully
[2025-05-25T09:50:55.902Z] LOG: GET /
[2025-05-25T09:50:56.190Z] LOG: GET /favicon.ico
[2025-05-25T09:51:53.405Z] LOG: POST /api/auth/signup
[2025-05-25T09:52:11.184Z] LOG: POST /api/auth/signup
[2025-05-25T10:15:32.935Z] LOG: GET /
[2025-05-25T10:15:33.333Z] LOG: GET /favicon.ico
[2025-05-25T10:16:02.195Z] LOG: POST /api/auth/signup
[2025-05-25T10:16:03.872Z] LOG: POST /api/auth/signup
[2025-05-25T10:16:04.289Z] LOG: POST /api/auth/signup
[2025-05-25T10:16:04.473Z] LOG: POST /api/auth/signup
[2025-05-25T10:16:04.688Z] LOG: POST /api/auth/signup
[2025-05-25T10:22:43.359Z] LOG: MongoDB disconnected
[2025-05-25T10:22:43.363Z] LOG: MongoDB connection closed due to app termination
[2025-05-25T10:22:47.027Z] LOG: Server running on port 5000
[2025-05-25T10:22:47.063Z] LOG: MongoDB connected successfully
[2025-05-25T10:22:52.741Z] LOG: GET /
[2025-05-25T10:23:26.786Z] LOG: POST /api/v1/auth/signup
[2025-05-25T10:23:26.788Z] ERROR: Unhandled error: Cannot destructure property 'name' of 'req.body' as it is undefined.
[2025-05-25T10:28:51.752Z] LOG: MongoDB disconnected
[2025-05-25T10:28:51.754Z] LOG: MongoDB connection closed due to app termination
[2025-05-25T10:28:55.621Z] LOG: Server running on port 5000
[2025-05-25T10:28:55.640Z] LOG: MongoDB connected successfully
[2025-05-25T10:29:00.581Z] LOG: GET /
[2025-05-25T10:29:22.394Z] LOG: POST /api/v1/auth/signup
[2025-05-25T10:29:22.431Z] ERROR: Signup error: User validation failed: confirm_password: Please confirm your password
[2025-05-25T10:33:02.581Z] LOG: MongoDB disconnected
[2025-05-25T10:33:02.582Z] LOG: MongoDB connection closed due to app termination
[2025-05-25T10:33:06.773Z] LOG: Server running on port 5000
[2025-05-25T10:33:06.803Z] LOG: MongoDB connected successfully
[2025-05-25T10:33:14.028Z] LOG: POST /api/v1/auth/signup
[2025-05-25T10:33:14.557Z] LOG: New user registered: ramavathsandeepa04@gmail.com
[2025-05-25T10:39:46.114Z] LOG: MongoDB disconnected
[2025-05-25T10:39:46.116Z] LOG: MongoDB connection closed due to app termination
[2025-05-25T10:39:50.082Z] LOG: Server running on port 5000
[2025-05-25T10:39:50.102Z] LOG: MongoDB connected successfully
[2025-05-25T10:40:02.513Z] LOG: GET /register
[2025-05-25T10:40:18.683Z] LOG: GET /
[2025-05-25T10:41:09.397Z] LOG: POST /api/v1/auth/signup
[2025-05-25T10:41:09.919Z] LOG: New user registered: example@gmail.com
